<?xml version="1.0" encoding="UTF-8"?>
<!-- Generated by org.testng.reporters.JUnitXMLReporter -->
<testsuite hostname="Sadias-Lappy" ignored="0" name="LoginTest" tests="3" failures="2" timestamp="2021-05-29T11:45:07 EDT" time="20.036" errors="0">
  <testcase name="validUserShouldBeAbleToLogin" time="6.828" classname="test.LoginTest"/>
  <testcase name="userShouldBeAbleToUseSearchbarOnListCustomer" time="0.004" classname="test.AddCustomerTest">
    <failure type="java.lang.Error" message="Unresolved compilation problems: 
	Unhandled exception type InterruptedException
	Unhandled exception type InterruptedException
">
      <![CDATA[java.lang.Error: Unresolved compilation problems: 
Unhandled exception type InterruptedException
Unhandled exception type InterruptedException

at test.AddCustomerTest.userShouldBeAbleToUseSearchbarOnListCustomer(AddCustomerTest.java:70)
at java.util.ArrayList.forEach(ArrayList.java:1259)
... Removed 27 stack frames]]>
    </failure>
  </testcase> <!-- userShouldBeAbleToUseSearchbarOnListCustomer -->
  <testcase name="validUserShouldBeAbleToAddCustomer" time="13.081" classname="test.AddCustomerTest">
    <failure type="java.lang.AssertionError" message="Wrong Page expected [Summary] but found []">
      <![CDATA[java.lang.AssertionError: Wrong Page expected [Summary] but found []
at page.SummaryPage.validateSummaryPage(SummaryPage.java:21)
at test.AddCustomerTest.validUserShouldBeAbleToAddCustomer(AddCustomerTest.java:52)
at java.util.ArrayList.forEach(ArrayList.java:1259)
... Removed 32 stack frames]]>
    </failure>
  </testcase> <!-- validUserShouldBeAbleToAddCustomer -->
</testsuite> <!-- LoginTest -->
